\BOOKMARK [1][]{section*.1}{\376\377\000P\000e\000r\000s\000o\000n\000a\000l\000\040\000I\000n\000f\000o\000r\000m\000a\000t\000i\000o\000n}{}% 1
\BOOKMARK [1][]{section*.2}{\376\377\000E\000d\000u\000c\000a\000t\000i\000o\000n}{}% 2
\BOOKMARK [1][]{section*.3}{\376\377\000P\000h\000D\000\040\000T\000h\000e\000s\000i\000s}{}% 3
\BOOKMARK [1][]{section*.4}{\376\377\000M\000a\000s\000t\000e\000r\000\040\000T\000h\000e\000s\000i\000s}{}% 4
\BOOKMARK [1][]{section*.5}{\376\377\000C\000e\000r\000t\000i\000f\000i\000c\000a\000t\000e\000s}{}% 5
\BOOKMARK [1][]{section*.6}{\376\377\000E\000x\000p\000e\000r\000i\000e\000n\000c\000e}{}% 6
\BOOKMARK [2][]{section*.7}{\376\377\000V\000o\000c\000a\000t\000i\000o\000n\000a\000l}{section*.6}% 7
\BOOKMARK [2][]{section*.8}{\376\377\000T\000e\000a\000c\000h\000i\000n\000g\000\040\000e\000x\000p\000e\000r\000i\000e\000n\000c\000e}{section*.6}% 8
\BOOKMARK [2][]{section*.9}{\376\377\000M\000i\000s\000c\000e\000l\000l\000a\000n\000e\000o\000u\000s}{section*.6}% 9
\BOOKMARK [1][]{section*.10}{\376\377\000P\000u\000b\000l\000i\000c\000a\000t\000i\000o\000n\000s}{}% 10
\BOOKMARK [2][]{section*.11}{\376\377\0002\0000\0001\0007}{section*.10}% 11
\BOOKMARK [2][]{section*.12}{\376\377\0002\0000\0001\0006}{section*.10}% 12
\BOOKMARK [2][]{section*.13}{\376\377\0002\0000\0001\0005}{section*.10}% 13
\BOOKMARK [2][]{section*.14}{\376\377\0002\0000\0001\0004}{section*.10}% 14
\BOOKMARK [2][]{section*.15}{\376\377\0002\0000\0001\0003}{section*.10}% 15
\BOOKMARK [2][]{section*.16}{\376\377\0002\0000\0001\0002}{section*.10}% 16
\BOOKMARK [1][]{section*.17}{\376\377\000C\000o\000m\000m\000u\000n\000i\000c\000a\000t\000i\000o\000n\000\040\000S\000k\000i\000l\000l\000s}{}% 17
\BOOKMARK [2][]{section*.18}{\376\377\000O\000r\000a\000l\000\040\000P\000r\000e\000s\000e\000n\000t\000a\000t\000i\000o\000n}{section*.17}% 18
\BOOKMARK [2][]{section*.19}{\376\377\0002\0000\0001\0007}{section*.17}% 19
\BOOKMARK [2][]{section*.20}{\376\377\0002\0000\0001\0001}{section*.17}% 20
\BOOKMARK [2][]{section*.21}{\376\377\0002\0000\0001\0000}{section*.17}% 21
\BOOKMARK [2][]{section*.22}{\376\377\000P\000o\000s\000t\000e\000r\000\040\000P\000r\000e\000s\000e\000n\000t\000a\000t\000i\000o\000n}{section*.17}% 22
\BOOKMARK [2][]{section*.23}{\376\377\0002\0000\0001\0007}{section*.17}% 23
\BOOKMARK [2][]{section*.24}{\376\377\0002\0000\0001\0006}{section*.17}% 24
\BOOKMARK [2][]{section*.25}{\376\377\0002\0000\0001\0005}{section*.17}% 25
\BOOKMARK [2][]{section*.26}{\376\377\0002\0000\0001\0004}{section*.17}% 26
\BOOKMARK [2][]{section*.27}{\376\377\0002\0000\0001\0003}{section*.17}% 27
\BOOKMARK [2][]{section*.28}{\376\377\0002\0000\0001\0002}{section*.17}% 28
\BOOKMARK [2][]{section*.29}{\376\377\0002\0000\0001\0001}{section*.17}% 29
\BOOKMARK [2][]{section*.30}{\376\377\0002\0000\0001\0000}{section*.17}% 30
\BOOKMARK [1][]{section*.31}{\376\377\000C\000o\000m\000p\000u\000t\000e\000r\000/\000S\000o\000f\000t\000w\000a\000r\000e\000\040\000s\000k\000i\000l\000l\000s}{}% 31
\BOOKMARK [1][]{section*.32}{\376\377\000L\000a\000n\000g\000u\000a\000g\000e\000s}{}% 32
\BOOKMARK [1][]{section*.33}{\376\377\000I\000n\000t\000e\000r\000e\000s\000t\000s}{}% 33
